<?xml version="1.0" encoding="UTF-8"?>
<!-- Generated by org.testng.reporters.JUnitReportReporter -->
<testsuite hostname="Jeevak-PC" failures="0" tests="1" name="qastartAcademy.AppTest" time="0.020" errors="0" timestamp="2021-03-30T20:01:36 IST" skipped="0">
  <testcase classname="qastartAcademy.AppTest" name="shouldAnswerWithTrue" time="0.020"/>
  <system-out/>
</testsuite> <!-- qastartAcademy.AppTest -->
