<?xml version="1.0" encoding="UTF-8"?>
<!-- Generated by org.testng.reporters.JUnitReportReporter -->
<testsuite hostname="Jeevak-PC" failures="0" tests="2" name="qastartAcademy.AppiumTest" time="0.029" errors="0" timestamp="2021-03-30T20:01:36 IST" skipped="0">
  <testcase classname="qastartAcademy.AppiumTest" name="NativeAppAndroid" time="0.001"/>
  <system-out/>
  <testcase classname="qastartAcademy.AppiumTest" name="IOSApps" time="0.028"/>
  <system-out/>
</testsuite> <!-- qastartAcademy.AppiumTest -->
