<?xml version="1.0" encoding="UTF-8"?>
<!-- Generated by org.testng.reporters.JUnitReportReporter -->
<testsuite hostname="Jeevak-PC" failures="0" tests="2" name="qastartAcademy.SeleniumTest" time="0.001" errors="0" timestamp="2021-03-30T20:01:36 IST" skipped="0">
  <testcase classname="qastartAcademy.SeleniumTest" name="BrowserAutomation" time="0.001"/>
  <system-out/>
  <testcase classname="qastartAcademy.SeleniumTest" name="elementsUI" time="0.000"/>
  <system-out/>
</testsuite> <!-- qastartAcademy.SeleniumTest -->
